<?xml version="1.0" encoding="UTF-8"?>
<!-- Generated by org.testng.reporters.JUnitXMLReporter -->
<testsuite hostname="Pratik-Burde" ignored="5" name="Regrassion" tests="4" failures="0" timestamp="20 Dec 2022 07:50:31 GMT" time="0.097" errors="0">
  <testcase name="loginBytwitter" time="0.016" classname="TestNGTutorial.LoginTest"/>
  <testcase name="paymentreturnbybank" time="0.008" classname="TestNGTutorial.PaymentReturns"/>
  <testcase name="paymentinrupee" time="0.004" classname="TestNGTutorial.PaymentTest"/>
  <testcase name="signupByemail" time="0.005" classname="TestNGTutorial.SignupTest"/>
  <testcase name="loginByemail" time="0.0" classname="TestNGTutorial.LoginTest">
    <ignored/>
  </testcase> <!-- loginByemail -->
  <testcase name="loginByFacebook" time="0.0" classname="TestNGTutorial.LoginTest">
    <ignored/>
  </testcase> <!-- loginByFacebook -->
  <testcase name="signupByfacebook" time="0.0" classname="TestNGTutorial.SignupTest">
    <ignored/>
  </testcase> <!-- signupByfacebook -->
  <testcase name="signupBytwitter" time="0.0" classname="TestNGTutorial.SignupTest">
    <ignored/>
  </testcase> <!-- signupBytwitter -->
  <testcase name="paymentindoller" time="0.0" classname="TestNGTutorial.PaymentTest">
    <ignored/>
  </testcase> <!-- paymentindoller -->
</testsuite> <!-- Regrassion -->
