<?xml version="1.0" encoding="UTF-8"?>
<!-- Generated by org.testng.reporters.JUnitXMLReporter -->
<testsuite hostname="Pratik-Burde" ignored="1" name="SignoffTest" tests="2" failures="0" timestamp="22 Dec 2022 15:01:45 GMT" time="0.161" errors="0">
  <testcase name="signupByemail" time="0.045" classname="TestNGTutorial.SignupTest"/>
  <testcase name="signupBytwitter" time="0.008" classname="TestNGTutorial.SignupTest"/>
  <testcase name="signupByfacebook" time="0.0" classname="TestNGTutorial.SignupTest">
    <ignored/>
  </testcase> <!-- signupByfacebook -->
</testsuite> <!-- SignoffTest -->
