<?xml version="1.0" encoding="UTF-8"?>
<testng-results skipped="0" failed="0" ignored="0" total="12" passed="12">
  <reporter-output>
  </reporter-output>
  <suite name="Default suite" duration-ms="1451" started-at="2023-01-16T09:01:42Z" finished-at="2023-01-16T09:01:43Z">
    <groups>
    </groups>
    <test name="Default test" duration-ms="1451" started-at="2023-01-16T09:01:42Z" finished-at="2023-01-16T09:01:43Z">
      <class name="dataDriven.excelDataProvider.dataProvide">
        <test-method status="PASS" signature="testCaseData(java.lang.String, java.lang.String, java.lang.String, java.lang.String)[pri:0, instance:dataDriven.excelDataProvider.dataProvide@646d64ab]" name="testCaseData" duration-ms="23" started-at="2023-01-16T09:01:43Z" data-provider="driveTest" finished-at="2023-01-16T09:01:43Z">
          <params>
            <param index="0">
              <value>
                <![CDATA[101]]>
              </value>
            </param>
            <param index="1">
              <value>
                <![CDATA[AB]]>
              </value>
            </param>
            <param index="2">
              <value>
                <![CDATA[BA]]>
              </value>
            </param>
            <param index="3">
              <value>
                <![CDATA[1000]]>
              </value>
            </param>
          </params>
          <reporter-output>
          </reporter-output>
        </test-method> <!-- testCaseData -->
        <test-method status="PASS" signature="testCaseData(java.lang.String, java.lang.String, java.lang.String, java.lang.String)[pri:0, instance:dataDriven.excelDataProvider.dataProvide@646d64ab]" name="testCaseData" duration-ms="3" started-at="2023-01-16T09:01:43Z" data-provider="driveTest" finished-at="2023-01-16T09:01:43Z">
          <params>
            <param index="0">
              <value>
                <![CDATA[102]]>
              </value>
            </param>
            <param index="1">
              <value>
                <![CDATA[CD]]>
              </value>
            </param>
            <param index="2">
              <value>
                <![CDATA[DC]]>
              </value>
            </param>
            <param index="3">
              <value>
                <![CDATA[2000]]>
              </value>
            </param>
          </params>
          <reporter-output>
          </reporter-output>
        </test-method> <!-- testCaseData -->
        <test-method status="PASS" signature="testCaseData(java.lang.String, java.lang.String, java.lang.String, java.lang.String)[pri:0, instance:dataDriven.excelDataProvider.dataProvide@646d64ab]" name="testCaseData" duration-ms="8" started-at="2023-01-16T09:01:43Z" data-provider="driveTest" finished-at="2023-01-16T09:01:43Z">
          <params>
            <param index="0">
              <value>
                <![CDATA[103]]>
              </value>
            </param>
            <param index="1">
              <value>
                <![CDATA[EF]]>
              </value>
            </param>
            <param index="2">
              <value>
                <![CDATA[FE]]>
              </value>
            </param>
            <param index="3">
              <value>
                <![CDATA[3000]]>
              </value>
            </param>
          </params>
          <reporter-output>
          </reporter-output>
        </test-method> <!-- testCaseData -->
        <test-method status="PASS" signature="testCaseData(java.lang.String, java.lang.String, java.lang.String, java.lang.String)[pri:0, instance:dataDriven.excelDataProvider.dataProvide@646d64ab]" name="testCaseData" duration-ms="2" started-at="2023-01-16T09:01:43Z" data-provider="driveTest" finished-at="2023-01-16T09:01:43Z">
          <params>
            <param index="0">
              <value>
                <![CDATA[104]]>
              </value>
            </param>
            <param index="1">
              <value>
                <![CDATA[GH]]>
              </value>
            </param>
            <param index="2">
              <value>
                <![CDATA[HG]]>
              </value>
            </param>
            <param index="3">
              <value>
                <![CDATA[4000]]>
              </value>
            </param>
          </params>
          <reporter-output>
          </reporter-output>
        </test-method> <!-- testCaseData -->
        <test-method status="PASS" signature="testCaseData(java.lang.String, java.lang.String, java.lang.String, java.lang.String)[pri:0, instance:dataDriven.excelDataProvider.dataProvide@646d64ab]" name="testCaseData" duration-ms="7" started-at="2023-01-16T09:01:43Z" data-provider="driveTest" finished-at="2023-01-16T09:01:43Z">
          <params>
            <param index="0">
              <value>
                <![CDATA[105]]>
              </value>
            </param>
            <param index="1">
              <value>
                <![CDATA[IJ]]>
              </value>
            </param>
            <param index="2">
              <value>
                <![CDATA[JI]]>
              </value>
            </param>
            <param index="3">
              <value>
                <![CDATA[5000]]>
              </value>
            </param>
          </params>
          <reporter-output>
          </reporter-output>
        </test-method> <!-- testCaseData -->
        <test-method status="PASS" signature="testCaseData(java.lang.String, java.lang.String, java.lang.String, java.lang.String)[pri:0, instance:dataDriven.excelDataProvider.dataProvide@646d64ab]" name="testCaseData" duration-ms="12" started-at="2023-01-16T09:01:43Z" data-provider="driveTest" finished-at="2023-01-16T09:01:43Z">
          <params>
            <param index="0">
              <value>
                <![CDATA[106]]>
              </value>
            </param>
            <param index="1">
              <value>
                <![CDATA[KL]]>
              </value>
            </param>
            <param index="2">
              <value>
                <![CDATA[LK]]>
              </value>
            </param>
            <param index="3">
              <value>
                <![CDATA[6000]]>
              </value>
            </param>
          </params>
          <reporter-output>
          </reporter-output>
        </test-method> <!-- testCaseData -->
        <test-method status="PASS" signature="testCaseData(java.lang.String, java.lang.String, java.lang.String, java.lang.String)[pri:0, instance:dataDriven.excelDataProvider.dataProvide@646d64ab]" name="testCaseData" duration-ms="5" started-at="2023-01-16T09:01:43Z" data-provider="driveTest" finished-at="2023-01-16T09:01:43Z">
          <params>
            <param index="0">
              <value>
                <![CDATA[107]]>
              </value>
            </param>
            <param index="1">
              <value>
                <![CDATA[MN]]>
              </value>
            </param>
            <param index="2">
              <value>
                <![CDATA[NM]]>
              </value>
            </param>
            <param index="3">
              <value>
                <![CDATA[7000]]>
              </value>
            </param>
          </params>
          <reporter-output>
          </reporter-output>
        </test-method> <!-- testCaseData -->
        <test-method status="PASS" signature="testCaseData(java.lang.String, java.lang.String, java.lang.String, java.lang.String)[pri:0, instance:dataDriven.excelDataProvider.dataProvide@646d64ab]" name="testCaseData" duration-ms="10" started-at="2023-01-16T09:01:43Z" data-provider="driveTest" finished-at="2023-01-16T09:01:43Z">
          <params>
            <param index="0">
              <value>
                <![CDATA[108]]>
              </value>
            </param>
            <param index="1">
              <value>
                <![CDATA[OP]]>
              </value>
            </param>
            <param index="2">
              <value>
                <![CDATA[PO]]>
              </value>
            </param>
            <param index="3">
              <value>
                <![CDATA[8000]]>
              </value>
            </param>
          </params>
          <reporter-output>
          </reporter-output>
        </test-method> <!-- testCaseData -->
        <test-method status="PASS" signature="testCaseData(java.lang.String, java.lang.String, java.lang.String, java.lang.String)[pri:0, instance:dataDriven.excelDataProvider.dataProvide@646d64ab]" name="testCaseData" duration-ms="20" started-at="2023-01-16T09:01:43Z" data-provider="driveTest" finished-at="2023-01-16T09:01:43Z">
          <params>
            <param index="0">
              <value>
                <![CDATA[109]]>
              </value>
            </param>
            <param index="1">
              <value>
                <![CDATA[QR]]>
              </value>
            </param>
            <param index="2">
              <value>
                <![CDATA[RQ]]>
              </value>
            </param>
            <param index="3">
              <value>
                <![CDATA[9000]]>
              </value>
            </param>
          </params>
          <reporter-output>
          </reporter-output>
        </test-method> <!-- testCaseData -->
        <test-method status="PASS" signature="testCaseData(java.lang.String, java.lang.String, java.lang.String, java.lang.String)[pri:0, instance:dataDriven.excelDataProvider.dataProvide@646d64ab]" name="testCaseData" duration-ms="3" started-at="2023-01-16T09:01:43Z" data-provider="driveTest" finished-at="2023-01-16T09:01:43Z">
          <params>
            <param index="0">
              <value>
                <![CDATA[110]]>
              </value>
            </param>
            <param index="1">
              <value>
                <![CDATA[ST]]>
              </value>
            </param>
            <param index="2">
              <value>
                <![CDATA[TS]]>
              </value>
            </param>
            <param index="3">
              <value>
                <![CDATA[1000]]>
              </value>
            </param>
          </params>
          <reporter-output>
          </reporter-output>
        </test-method> <!-- testCaseData -->
        <test-method status="PASS" signature="testCaseData(java.lang.String, java.lang.String, java.lang.String, java.lang.String)[pri:0, instance:dataDriven.excelDataProvider.dataProvide@646d64ab]" name="testCaseData" duration-ms="3" started-at="2023-01-16T09:01:43Z" data-provider="driveTest" finished-at="2023-01-16T09:01:43Z">
          <params>
            <param index="0">
              <value>
                <![CDATA[111]]>
              </value>
            </param>
            <param index="1">
              <value>
                <![CDATA[UV]]>
              </value>
            </param>
            <param index="2">
              <value>
                <![CDATA[VU]]>
              </value>
            </param>
            <param index="3">
              <value>
                <![CDATA[2000]]>
              </value>
            </param>
          </params>
          <reporter-output>
          </reporter-output>
        </test-method> <!-- testCaseData -->
        <test-method status="PASS" signature="testCaseData(java.lang.String, java.lang.String, java.lang.String, java.lang.String)[pri:0, instance:dataDriven.excelDataProvider.dataProvide@646d64ab]" name="testCaseData" duration-ms="3" started-at="2023-01-16T09:01:43Z" data-provider="driveTest" finished-at="2023-01-16T09:01:43Z">
          <params>
            <param index="0">
              <value>
                <![CDATA[112]]>
              </value>
            </param>
            <param index="1">
              <value>
                <![CDATA[WX]]>
              </value>
            </param>
            <param index="2">
              <value>
                <![CDATA[XW]]>
              </value>
            </param>
            <param index="3">
              <value>
                <![CDATA[3000]]>
              </value>
            </param>
          </params>
          <reporter-output>
          </reporter-output>
        </test-method> <!-- testCaseData -->
      </class> <!-- dataDriven.excelDataProvider.dataProvide -->
    </test> <!-- Default test -->
  </suite> <!-- Default suite -->
</testng-results>
