<?xml version="1.0" encoding="UTF-8"?>
<testng-results skipped="0" failed="2" ignored="0" total="2" passed="0">
  <reporter-output>
  </reporter-output>
  <suite name="Default suite" duration-ms="9192" started-at="2023-01-13T15:39:20Z" finished-at="2023-01-13T15:39:29Z">
    <groups>
      <group name="cucumber">
        <method signature="AbstractTestNGCucumberTests.runScenario(io.cucumber.testng.PickleWrapper, io.cucumber.testng.FeatureWrapper)[pri:0, instance:Cucumber.TestNGTestRunner@77f80c04]" name="runScenario" class="io.cucumber.testng.AbstractTestNGCucumberTests"/>
      </group> <!-- cucumber -->
    </groups>
    <test name="Default test" duration-ms="9192" started-at="2023-01-13T15:39:20Z" finished-at="2023-01-13T15:39:29Z">
      <class name="Cucumber.TestNGTestRunner">
        <test-method status="PASS" signature="setUpClass(org.testng.ITestContext)[pri:0, instance:Cucumber.TestNGTestRunner@77f80c04]" name="setUpClass" is-config="true" duration-ms="7035" started-at="2023-01-13T15:39:20Z" finished-at="2023-01-13T15:39:27Z">
          <params>
            <param index="0">
              <value>
                <![CDATA[org.testng.TestRunner@7f4037ed]]>
              </value>
            </param>
          </params>
          <reporter-output>
          </reporter-output>
        </test-method> <!-- setUpClass -->
        <test-method status="FAIL" signature="runScenario(io.cucumber.testng.PickleWrapper, io.cucumber.testng.FeatureWrapper)[pri:0, instance:Cucumber.TestNGTestRunner@77f80c04]" name="runScenario" duration-ms="1434" started-at="2023-01-13T15:39:27Z" description="Runs Cucumber Scenarios" data-provider="scenarios" finished-at="2023-01-13T15:39:28Z">
          <params>
            <param index="0">
              <value>
                <![CDATA["Title of your scenario outline"]]>
              </value>
            </param>
            <param index="1">
              <value>
                <![CDATA["Error Validation"]]>
              </value>
            </param>
          </params>
          <exception class="java.lang.NullPointerException">
            <full-stacktrace>
              <![CDATA[java.lang.NullPointerException
at SeleniumFrameworkDesign.TestComponents.BaseTest.initializeDriver(BaseTest.java:43)
at SeleniumFrameworkDesign.TestComponents.BaseTest.launchApplication(BaseTest.java:84)
at SeleniumFrameworkDesign.stepDefination.StepDefinationsImpl.I_landed_on_Ecommerce_Page(StepDefinationsImpl.java:25)
at ✽.I landed on Ecommerce Page(file:///D:/batch240/SeleniumFrameworkDesign/src/test/java/Cucumber/ErrorValidations.feature:8)
]]>
            </full-stacktrace>
          </exception> <!-- java.lang.NullPointerException -->
          <reporter-output>
          </reporter-output>
        </test-method> <!-- runScenario -->
        <test-method status="FAIL" signature="runScenario(io.cucumber.testng.PickleWrapper, io.cucumber.testng.FeatureWrapper)[pri:0, instance:Cucumber.TestNGTestRunner@77f80c04]" name="runScenario" duration-ms="49" started-at="2023-01-13T15:39:29Z" description="Runs Cucumber Scenarios" data-provider="scenarios" finished-at="2023-01-13T15:39:29Z">
          <params>
            <param index="0">
              <value>
                <![CDATA["Positive Test of Submitting the Order"]]>
              </value>
            </param>
            <param index="1">
              <value>
                <![CDATA["Purchase the order from Ecommerce Website"]]>
              </value>
            </param>
          </params>
          <exception class="java.lang.NullPointerException">
            <full-stacktrace>
              <![CDATA[java.lang.NullPointerException
at SeleniumFrameworkDesign.TestComponents.BaseTest.initializeDriver(BaseTest.java:43)
at SeleniumFrameworkDesign.TestComponents.BaseTest.launchApplication(BaseTest.java:84)
at SeleniumFrameworkDesign.stepDefination.StepDefinationsImpl.I_landed_on_Ecommerce_Page(StepDefinationsImpl.java:25)
at ✽.I landed on Ecommerce Page(file:///D:/batch240/SeleniumFrameworkDesign/src/test/java/Cucumber/SubmitOrder.feature:7)
]]>
            </full-stacktrace>
          </exception> <!-- java.lang.NullPointerException -->
          <reporter-output>
          </reporter-output>
        </test-method> <!-- runScenario -->
        <test-method status="PASS" signature="tearDownClass()[pri:0, instance:Cucumber.TestNGTestRunner@77f80c04]" name="tearDownClass" is-config="true" duration-ms="549" started-at="2023-01-13T15:39:29Z" finished-at="2023-01-13T15:39:29Z">
          <reporter-output>
          </reporter-output>
        </test-method> <!-- tearDownClass -->
      </class> <!-- Cucumber.TestNGTestRunner -->
    </test> <!-- Default test -->
  </suite> <!-- Default suite -->
</testng-results>
