<?xml version="1.0" encoding="UTF-8"?>
<!-- Generated by org.testng.reporters.JUnitXMLReporter -->
<testsuite hostname="Pratik-Burde" ignored="0" name="Default test" tests="5" failures="0" timestamp="21 Dec 2022 08:04:56 GMT" time="0.148" errors="0">
  <testcase name="loginByFacebook" time="0.029" classname="TestNGTutorial.LoginTest"/>
  <testcase name="loginByemail" time="0.006" classname="TestNGTutorial.LoginTest"/>
  <testcase name="loginByemail" time="0.006" classname="TestNGTutorial.LoginTest"/>
  <testcase name="loginByemail" time="0.013" classname="TestNGTutorial.LoginTest"/>
  <testcase name="loginBytwitter" time="0.006" classname="TestNGTutorial.LoginTest"/>
</testsuite> <!-- Default test -->
