<?xml version="1.0" encoding="UTF-8"?>
<!-- Generated by org.testng.reporters.JUnitXMLReporter -->
<testsuite hostname="Pratik-Burde" ignored="2" tests="0" failures="0" timestamp="03 Dec 2022 06:34:22 GMT" time="0.02" errors="0">
  <testcase name="loginByFacebook" time="0.0" classname="Listeners.LoginTest">
    <ignored/>
  </testcase> <!-- loginByFacebook -->
  <testcase name="loginByEmail" time="0.0" classname="Listeners.LoginTest">
    <ignored/>
  </testcase> <!-- loginByEmail -->
</testsuite>
