<?xml version="1.0" encoding="UTF-8"?>
<!-- Generated by org.testng.reporters.JUnitXMLReporter -->
<testsuite hostname="Pratik-Burde" ignored="0" name="Default test" tests="12" failures="0" timestamp="16 Jan 2023 09:01:43 GMT" time="1.451" errors="0">
  <testcase name="testCaseData" time="0.023" classname="dataDriven.excelDataProvider.dataProvide"/>
  <testcase name="testCaseData" time="0.003" classname="dataDriven.excelDataProvider.dataProvide"/>
  <testcase name="testCaseData" time="0.008" classname="dataDriven.excelDataProvider.dataProvide"/>
  <testcase name="testCaseData" time="0.002" classname="dataDriven.excelDataProvider.dataProvide"/>
  <testcase name="testCaseData" time="0.007" classname="dataDriven.excelDataProvider.dataProvide"/>
  <testcase name="testCaseData" time="0.012" classname="dataDriven.excelDataProvider.dataProvide"/>
  <testcase name="testCaseData" time="0.005" classname="dataDriven.excelDataProvider.dataProvide"/>
  <testcase name="testCaseData" time="0.01" classname="dataDriven.excelDataProvider.dataProvide"/>
  <testcase name="testCaseData" time="0.02" classname="dataDriven.excelDataProvider.dataProvide"/>
  <testcase name="testCaseData" time="0.003" classname="dataDriven.excelDataProvider.dataProvide"/>
  <testcase name="testCaseData" time="0.003" classname="dataDriven.excelDataProvider.dataProvide"/>
  <testcase name="testCaseData" time="0.003" classname="dataDriven.excelDataProvider.dataProvide"/>
</testsuite> <!-- Default test -->
