<?xml version="1.0" encoding="UTF-8"?>
<!-- Generated by org.testng.reporters.JUnitXMLReporter -->
<testsuite hostname="Pratik-Burde" ignored="0" name="sanity tests" tests="6" failures="0" timestamp="02 Dec 2022 07:19:55 GMT" time="0.148" errors="0">
  <testcase name="loginByFacebook" time="0.027" classname="BatchTesting.LoginTest"/>
  <testcase name="loginByemail" time="0.0" classname="BatchTesting.LoginTest"/>
  <testcase name="loginBytwitter" time="0.0" classname="BatchTesting.LoginTest"/>
  <testcase name="signupByemail" time="0.008" classname="BatchTesting.SignupTest"/>
  <testcase name="signupByfacebook" time="0.008" classname="BatchTesting.SignupTest"/>
  <testcase name="signupBytwitter" time="0.0" classname="BatchTesting.SignupTest"/>
</testsuite> <!-- sanity tests -->
